<?xml version="1.0" encoding="UTF-8"?>
<testng-results skipped="0" failed="2" total="9" passed="7">
  <reporter-output>
  </reporter-output>
  <suite name="REXAUTO4AND" duration-ms="1307852" started-at="2016-06-17T03:34:09Z" finished-at="2016-06-17T03:55:57Z">
    <groups>
    </groups>
    <test name="20160617" duration-ms="1307852" started-at="2016-06-17T03:34:09Z" finished-at="2016-06-17T03:55:57Z">
      <class name="REXSH.REXAUTO.AppTestSearchRole">
        <test-method status="PASS" signature="setUp()[pri:0, instance:REXSH.REXAUTO.AppTestSearchRole@6c3708b3]" name="setUp" is-config="true" duration-ms="44935" started-at="2016-06-16T23:42:35Z" finished-at="2016-06-16T23:43:20Z">
          <reporter-output>
          </reporter-output>
        </test-method> <!-- setUp -->
        <test-method status="PASS" signature="beforeMethod()[pri:0, instance:REXSH.REXAUTO.AppTestSearchRole@6c3708b3]" name="beforeMethod" is-config="true" duration-ms="9" started-at="2016-06-16T23:43:20Z" finished-at="2016-06-16T23:43:20Z">
          <reporter-output>
          </reporter-output>
        </test-method> <!-- beforeMethod -->
        <test-method status="FAIL" signature="searchRoleLocationName(java.lang.String, java.lang.String, java.lang.String, java.lang.String, java.lang.String)[pri:0, instance:REXSH.REXAUTO.AppTestSearchRole@6c3708b3]" name="searchRoleLocationName" duration-ms="103689" started-at="2016-06-16T23:43:20Z" data-provider="searchRole_LocationName" finished-at="2016-06-16T23:45:03Z">
          <params>
            <param index="0">
              <value>
                <![CDATA[paul002@grr.la]]>
              </value>
            </param>
            <param index="1">
              <value>
                <![CDATA[Pwcwelcome1]]>
              </value>
            </param>
            <param index="2">
              <value>
                <![CDATA[new york]]>
              </value>
            </param>
            <param index="3">
              <value>
                <![CDATA[regular]]>
              </value>
            </param>
            <param index="4">
              <value>
                <![CDATA[]]>
              </value>
            </param>
          </params>
          <exception class="java.lang.AssertionError">
            <full-stacktrace>
              <![CDATA[java.lang.AssertionError
	at REXSH.REXAUTO.AppTestSearchRole.searchRoleLocationName(AppTestSearchRole.java:387)
	at sun.reflect.NativeMethodAccessorImpl.invoke0(Native Method)
	at sun.reflect.NativeMethodAccessorImpl.invoke(NativeMethodAccessorImpl.java:62)
	at sun.reflect.DelegatingMethodAccessorImpl.invoke(DelegatingMethodAccessorImpl.java:43)
	at java.lang.reflect.Method.invoke(Method.java:498)
	at org.testng.internal.MethodInvocationHelper.invokeMethod(MethodInvocationHelper.java:86)
	at org.testng.internal.Invoker.invokeMethod(Invoker.java:646)
	at org.testng.internal.Invoker.invokeTestMethod(Invoker.java:823)
	at org.testng.internal.Invoker.invokeTestMethods(Invoker.java:1131)
	at org.testng.internal.TestMethodWorker.invokeTestMethods(TestMethodWorker.java:129)
	at org.testng.internal.TestMethodWorker.run(TestMethodWorker.java:112)
	at org.testng.TestRunner.privateRun(TestRunner.java:778)
	at org.testng.TestRunner.run(TestRunner.java:632)
	at org.testng.SuiteRunner.runTest(SuiteRunner.java:366)
	at org.testng.SuiteRunner.runSequentially(SuiteRunner.java:361)
	at org.testng.SuiteRunner.privateRun(SuiteRunner.java:319)
	at org.testng.SuiteRunner.run(SuiteRunner.java:268)
	at org.testng.SuiteRunnerWorker.runSuite(SuiteRunnerWorker.java:52)
	at org.testng.SuiteRunnerWorker.run(SuiteRunnerWorker.java:86)
	at org.testng.TestNG.runSuitesSequentially(TestNG.java:1225)
	at org.testng.TestNG.runSuitesLocally(TestNG.java:1150)
	at org.testng.TestNG.runSuites(TestNG.java:1075)
	at org.testng.TestNG.run(TestNG.java:1047)
	at org.testng.remote.AbstractRemoteTestNG.run(AbstractRemoteTestNG.java:126)
	at org.testng.remote.RemoteTestNG.initAndRun(RemoteTestNG.java:137)
	at org.testng.remote.RemoteTestNG.main(RemoteTestNG.java:58)
]]>
            </full-stacktrace>
          </exception> <!-- java.lang.AssertionError -->
          <reporter-output>
          </reporter-output>
        </test-method> <!-- searchRoleLocationName -->
        <test-method status="PASS" signature="afterMethod()[pri:0, instance:REXSH.REXAUTO.AppTestSearchRole@6c3708b3]" name="afterMethod" is-config="true" duration-ms="150" started-at="2016-06-16T23:45:03Z" finished-at="2016-06-16T23:45:04Z">
          <reporter-output>
          </reporter-output>
        </test-method> <!-- afterMethod -->
        <test-method status="PASS" signature="beforeMethod()[pri:0, instance:REXSH.REXAUTO.AppTestSearchRole@6c3708b3]" name="beforeMethod" is-config="true" duration-ms="14" started-at="2016-06-16T23:45:04Z" finished-at="2016-06-16T23:45:04Z">
          <reporter-output>
          </reporter-output>
        </test-method> <!-- beforeMethod -->
        <test-method status="PASS" signature="searchRoleTravel(java.lang.String, java.lang.String, java.lang.String, java.lang.String, java.lang.String)[pri:0, instance:REXSH.REXAUTO.AppTestSearchRole@6c3708b3]" name="searchRoleTravel" duration-ms="142653" started-at="2016-06-16T23:45:04Z" data-provider="searchRoleTravel" finished-at="2016-06-16T23:47:26Z">
          <params>
            <param index="0">
              <value>
                <![CDATA[paul002@grr.la]]>
              </value>
            </param>
            <param index="1">
              <value>
                <![CDATA[Pwcwelcome1]]>
              </value>
            </param>
            <param index="2">
              <value>
                <![CDATA[eng::20_80::oracle]]>
              </value>
            </param>
            <param index="3">
              <value>
                <![CDATA[regular]]>
              </value>
            </param>
            <param index="4">
              <value>
                <![CDATA[]]>
              </value>
            </param>
          </params>
          <reporter-output>
          </reporter-output>
        </test-method> <!-- searchRoleTravel -->
        <test-method status="PASS" signature="afterMethod()[pri:0, instance:REXSH.REXAUTO.AppTestSearchRole@6c3708b3]" name="afterMethod" is-config="true" duration-ms="38" started-at="2016-06-16T23:47:26Z" finished-at="2016-06-16T23:47:26Z">
          <reporter-output>
          </reporter-output>
        </test-method> <!-- afterMethod -->
        <test-method status="PASS" signature="tearDown()[pri:0, instance:REXSH.REXAUTO.AppTestSearchRole@6c3708b3]" name="tearDown" is-config="true" duration-ms="3802" started-at="2016-06-16T23:47:26Z" finished-at="2016-06-16T23:47:30Z">
          <reporter-output>
          </reporter-output>
        </test-method> <!-- tearDown -->
      </class> <!-- REXSH.REXAUTO.AppTestSearchRole -->
      <class name="REXSH.REXAUTO.AppTestAccount">
        <test-method status="PASS" signature="setUp()[pri:0, instance:REXSH.REXAUTO.AppTestAccount@18eed359]" name="setUp" is-config="true" duration-ms="20942" started-at="2016-06-16T23:34:09Z" finished-at="2016-06-16T23:34:30Z">
          <reporter-output>
          </reporter-output>
        </test-method> <!-- setUp -->
        <test-method status="PASS" signature="beforeMethod()[pri:0, instance:REXSH.REXAUTO.AppTestAccount@18eed359]" name="beforeMethod" is-config="true" duration-ms="509" started-at="2016-06-16T23:34:30Z" finished-at="2016-06-16T23:34:30Z">
          <reporter-output>
          </reporter-output>
        </test-method> <!-- beforeMethod -->
        <test-method status="PASS" signature="accountPSW(java.lang.String, java.lang.String, java.lang.String, java.lang.String, java.lang.String)[pri:0, instance:REXSH.REXAUTO.AppTestAccount@18eed359]" name="accountPSW" duration-ms="77332" started-at="2016-06-16T23:34:30Z" data-provider="accountPSW" finished-at="2016-06-16T23:35:48Z">
          <params>
            <param index="0">
              <value>
                <![CDATA[paul002@grr.la]]>
              </value>
            </param>
            <param index="1">
              <value>
                <![CDATA[Pwcwelcome1]]>
              </value>
            </param>
            <param index="2">
              <value>
                <![CDATA[Pwcwelcome1::Pwcwelcome2::Pwcwelcome2]]>
              </value>
            </param>
            <param index="3">
              <value>
                <![CDATA[regular]]>
              </value>
            </param>
            <param index="4">
              <value>
                <![CDATA[]]>
              </value>
            </param>
          </params>
          <reporter-output>
          </reporter-output>
        </test-method> <!-- accountPSW -->
        <test-method status="PASS" signature="afterMethod()[pri:0, instance:REXSH.REXAUTO.AppTestAccount@18eed359]" name="afterMethod" is-config="true" duration-ms="174" started-at="2016-06-16T23:35:48Z" finished-at="2016-06-16T23:35:48Z">
          <reporter-output>
          </reporter-output>
        </test-method> <!-- afterMethod -->
        <test-method status="PASS" signature="beforeMethod()[pri:0, instance:REXSH.REXAUTO.AppTestAccount@18eed359]" name="beforeMethod" is-config="true" duration-ms="7" started-at="2016-06-16T23:35:48Z" finished-at="2016-06-16T23:35:48Z">
          <reporter-output>
          </reporter-output>
        </test-method> <!-- beforeMethod -->
        <test-method status="PASS" signature="accountPSW(java.lang.String, java.lang.String, java.lang.String, java.lang.String, java.lang.String)[pri:0, instance:REXSH.REXAUTO.AppTestAccount@18eed359]" name="accountPSW" duration-ms="76718" started-at="2016-06-16T23:35:48Z" data-provider="accountPSW" finished-at="2016-06-16T23:37:05Z">
          <params>
            <param index="0">
              <value>
                <![CDATA[paul002@grr.la]]>
              </value>
            </param>
            <param index="1">
              <value>
                <![CDATA[Pwcwelcome2]]>
              </value>
            </param>
            <param index="2">
              <value>
                <![CDATA[Pwcwelcome2::Pwcwelcome1::Pwcwelcome1]]>
              </value>
            </param>
            <param index="3">
              <value>
                <![CDATA[regular]]>
              </value>
            </param>
            <param index="4">
              <value>
                <![CDATA[]]>
              </value>
            </param>
          </params>
          <reporter-output>
          </reporter-output>
        </test-method> <!-- accountPSW -->
        <test-method status="PASS" signature="afterMethod()[pri:0, instance:REXSH.REXAUTO.AppTestAccount@18eed359]" name="afterMethod" is-config="true" duration-ms="34" started-at="2016-06-16T23:37:05Z" finished-at="2016-06-16T23:37:05Z">
          <reporter-output>
          </reporter-output>
        </test-method> <!-- afterMethod -->
        <test-method status="PASS" signature="beforeMethod()[pri:0, instance:REXSH.REXAUTO.AppTestAccount@18eed359]" name="beforeMethod" is-config="true" duration-ms="8" started-at="2016-06-16T23:37:05Z" finished-at="2016-06-16T23:37:05Z">
          <reporter-output>
          </reporter-output>
        </test-method> <!-- beforeMethod -->
        <test-method status="PASS" signature="accountDel(java.lang.String, java.lang.String, java.lang.String, java.lang.String, java.lang.String)[pri:0, instance:REXSH.REXAUTO.AppTestAccount@18eed359]" name="accountDel" duration-ms="72455" started-at="2016-06-16T23:37:05Z" data-provider="accountDEL" depends-on-methods="REXSH.REXAUTO.AppTestAccount.accountPSW" finished-at="2016-06-16T23:38:17Z">
          <params>
            <param index="0">
              <value>
                <![CDATA[paul001@grr.la]]>
              </value>
            </param>
            <param index="1">
              <value>
                <![CDATA[Pwcwelcome1]]>
              </value>
            </param>
            <param index="2">
              <value>
                <![CDATA[]]>
              </value>
            </param>
            <param index="3">
              <value>
                <![CDATA[regular]]>
              </value>
            </param>
            <param index="4">
              <value>
                <![CDATA[Your request to remove your account from Talent Exchange cannot occur because]]>
              </value>
            </param>
          </params>
          <reporter-output>
          </reporter-output>
        </test-method> <!-- accountDel -->
        <test-method status="PASS" signature="afterMethod()[pri:0, instance:REXSH.REXAUTO.AppTestAccount@18eed359]" name="afterMethod" is-config="true" duration-ms="39" started-at="2016-06-16T23:38:17Z" finished-at="2016-06-16T23:38:17Z">
          <reporter-output>
          </reporter-output>
        </test-method> <!-- afterMethod -->
        <test-method status="PASS" signature="tearDown()[pri:0, instance:REXSH.REXAUTO.AppTestAccount@18eed359]" name="tearDown" is-config="true" duration-ms="3531" started-at="2016-06-16T23:38:17Z" finished-at="2016-06-16T23:38:21Z">
          <reporter-output>
          </reporter-output>
        </test-method> <!-- tearDown -->
      </class> <!-- REXSH.REXAUTO.AppTestAccount -->
      <class name="REXSH.REXAUTO.AppTestOnProjectTimeAndExpense">
        <test-method status="PASS" signature="setUp()[pri:0, instance:REXSH.REXAUTO.AppTestOnProjectTimeAndExpense@6f1fba17]" name="setUp" is-config="true" duration-ms="17301" started-at="2016-06-16T23:47:30Z" finished-at="2016-06-16T23:47:47Z">
          <reporter-output>
          </reporter-output>
        </test-method> <!-- setUp -->
        <test-method status="PASS" signature="beforeMethod()[pri:0, instance:REXSH.REXAUTO.AppTestOnProjectTimeAndExpense@6f1fba17]" name="beforeMethod" is-config="true" duration-ms="6" started-at="2016-06-16T23:47:47Z" finished-at="2016-06-16T23:47:47Z">
          <reporter-output>
          </reporter-output>
        </test-method> <!-- beforeMethod -->
        <test-method status="PASS" signature="addFirstExpense(java.lang.String, java.lang.String, java.lang.String, java.lang.String)[pri:0, instance:REXSH.REXAUTO.AppTestOnProjectTimeAndExpense@6f1fba17]" name="addFirstExpense" duration-ms="180715" started-at="2016-06-16T23:47:47Z" data-provider="createFirstExpense" finished-at="2016-06-16T23:50:48Z">
          <params>
            <param index="0">
              <value>
                <![CDATA[paul002@grr.la]]>
              </value>
            </param>
            <param index="1">
              <value>
                <![CDATA[Pwcwelcome1]]>
              </value>
            </param>
            <param index="2">
              <value>
                <![CDATA[40018::purpose123asd::task342043::TAXI::description::341]]>
              </value>
            </param>
            <param index="3">
              <value>
                <![CDATA[regular]]>
              </value>
            </param>
          </params>
          <reporter-output>
          </reporter-output>
        </test-method> <!-- addFirstExpense -->
        <test-method status="PASS" signature="afterMethod()[pri:0, instance:REXSH.REXAUTO.AppTestOnProjectTimeAndExpense@6f1fba17]" name="afterMethod" is-config="true" duration-ms="32" started-at="2016-06-16T23:50:48Z" finished-at="2016-06-16T23:50:48Z">
          <reporter-output>
          </reporter-output>
        </test-method> <!-- afterMethod -->
        <test-method status="PASS" signature="beforeMethod()[pri:0, instance:REXSH.REXAUTO.AppTestOnProjectTimeAndExpense@6f1fba17]" name="beforeMethod" is-config="true" duration-ms="6" started-at="2016-06-16T23:50:48Z" finished-at="2016-06-16T23:50:48Z">
          <reporter-output>
          </reporter-output>
        </test-method> <!-- beforeMethod -->
        <test-method status="FAIL" signature="addTime(java.lang.String, java.lang.String, java.lang.String, java.lang.String)[pri:0, instance:REXSH.REXAUTO.AppTestOnProjectTimeAndExpense@6f1fba17]" name="addTime" duration-ms="123898" started-at="2016-06-16T23:50:48Z" data-provider="addTime" finished-at="2016-06-16T23:52:52Z">
          <params>
            <param index="0">
              <value>
                <![CDATA[paul002@grr.la]]>
              </value>
            </param>
            <param index="1">
              <value>
                <![CDATA[Pwcwelcome1]]>
              </value>
            </param>
            <param index="2">
              <value>
                <![CDATA[40018::205::mon:3.5::mon]]>
              </value>
            </param>
            <param index="3">
              <value>
                <![CDATA[regular]]>
              </value>
            </param>
          </params>
          <exception class="java.lang.AssertionError">
            <full-stacktrace>
              <![CDATA[java.lang.AssertionError
	at REXSH.REXAUTO.AppTestOnProjectTimeAndExpense.addTime(AppTestOnProjectTimeAndExpense.java:326)
	at sun.reflect.NativeMethodAccessorImpl.invoke0(Native Method)
	at sun.reflect.NativeMethodAccessorImpl.invoke(NativeMethodAccessorImpl.java:62)
	at sun.reflect.DelegatingMethodAccessorImpl.invoke(DelegatingMethodAccessorImpl.java:43)
	at java.lang.reflect.Method.invoke(Method.java:498)
	at org.testng.internal.MethodInvocationHelper.invokeMethod(MethodInvocationHelper.java:86)
	at org.testng.internal.Invoker.invokeMethod(Invoker.java:646)
	at org.testng.internal.Invoker.invokeTestMethod(Invoker.java:823)
	at org.testng.internal.Invoker.invokeTestMethods(Invoker.java:1131)
	at org.testng.internal.TestMethodWorker.invokeTestMethods(TestMethodWorker.java:129)
	at org.testng.internal.TestMethodWorker.run(TestMethodWorker.java:112)
	at org.testng.TestRunner.privateRun(TestRunner.java:778)
	at org.testng.TestRunner.run(TestRunner.java:632)
	at org.testng.SuiteRunner.runTest(SuiteRunner.java:366)
	at org.testng.SuiteRunner.runSequentially(SuiteRunner.java:361)
	at org.testng.SuiteRunner.privateRun(SuiteRunner.java:319)
	at org.testng.SuiteRunner.run(SuiteRunner.java:268)
	at org.testng.SuiteRunnerWorker.runSuite(SuiteRunnerWorker.java:52)
	at org.testng.SuiteRunnerWorker.run(SuiteRunnerWorker.java:86)
	at org.testng.TestNG.runSuitesSequentially(TestNG.java:1225)
	at org.testng.TestNG.runSuitesLocally(TestNG.java:1150)
	at org.testng.TestNG.runSuites(TestNG.java:1075)
	at org.testng.TestNG.run(TestNG.java:1047)
	at org.testng.remote.AbstractRemoteTestNG.run(AbstractRemoteTestNG.java:126)
	at org.testng.remote.RemoteTestNG.initAndRun(RemoteTestNG.java:137)
	at org.testng.remote.RemoteTestNG.main(RemoteTestNG.java:58)
]]>
            </full-stacktrace>
          </exception> <!-- java.lang.AssertionError -->
          <reporter-output>
          </reporter-output>
        </test-method> <!-- addTime -->
        <test-method status="PASS" signature="afterMethod()[pri:0, instance:REXSH.REXAUTO.AppTestOnProjectTimeAndExpense@6f1fba17]" name="afterMethod" is-config="true" duration-ms="43" started-at="2016-06-16T23:52:52Z" finished-at="2016-06-16T23:52:52Z">
          <reporter-output>
          </reporter-output>
        </test-method> <!-- afterMethod -->
        <test-method status="PASS" signature="beforeMethod()[pri:0, instance:REXSH.REXAUTO.AppTestOnProjectTimeAndExpense@6f1fba17]" name="beforeMethod" is-config="true" duration-ms="7" started-at="2016-06-16T23:52:52Z" finished-at="2016-06-16T23:52:52Z">
          <reporter-output>
          </reporter-output>
        </test-method> <!-- beforeMethod -->
        <test-method status="PASS" signature="addExpense(java.lang.String, java.lang.String, java.lang.String, java.lang.String)[pri:0, instance:REXSH.REXAUTO.AppTestOnProjectTimeAndExpense@6f1fba17]" name="addExpense" duration-ms="180939" started-at="2016-06-16T23:52:52Z" data-provider="addExpense" depends-on-methods="REXSH.REXAUTO.AppTestOnProjectTimeAndExpense.addFirstExpense" finished-at="2016-06-16T23:55:53Z">
          <params>
            <param index="0">
              <value>
                <![CDATA[paul002@grr.la]]>
              </value>
            </param>
            <param index="1">
              <value>
                <![CDATA[Pwcwelcome1]]>
              </value>
            </param>
            <param index="2">
              <value>
                <![CDATA[40018::purpose 4 a::task FOR OT IN REX::Meals::description::67]]>
              </value>
            </param>
            <param index="3">
              <value>
                <![CDATA[regular]]>
              </value>
            </param>
          </params>
          <reporter-output>
          </reporter-output>
        </test-method> <!-- addExpense -->
        <test-method status="PASS" signature="afterMethod()[pri:0, instance:REXSH.REXAUTO.AppTestOnProjectTimeAndExpense@6f1fba17]" name="afterMethod" is-config="true" duration-ms="26" started-at="2016-06-16T23:55:53Z" finished-at="2016-06-16T23:55:53Z">
          <reporter-output>
          </reporter-output>
        </test-method> <!-- afterMethod -->
        <test-method status="PASS" signature="tearDown()[pri:0, instance:REXSH.REXAUTO.AppTestOnProjectTimeAndExpense@6f1fba17]" name="tearDown" is-config="true" duration-ms="3562" started-at="2016-06-16T23:55:53Z" finished-at="2016-06-16T23:55:57Z">
          <reporter-output>
          </reporter-output>
        </test-method> <!-- tearDown -->
      </class> <!-- REXSH.REXAUTO.AppTestOnProjectTimeAndExpense -->
      <class name="REXSH.REXAUTO.AppTestEditProfileEducation">
        <test-method status="PASS" signature="setUp()[pri:0, instance:REXSH.REXAUTO.AppTestEditProfileEducation@3e9b1010]" name="setUp" is-config="true" duration-ms="18397" started-at="2016-06-16T23:38:21Z" finished-at="2016-06-16T23:38:39Z">
          <reporter-output>
          </reporter-output>
        </test-method> <!-- setUp -->
        <test-method status="PASS" signature="beforeMethod()[pri:0, instance:REXSH.REXAUTO.AppTestEditProfileEducation@3e9b1010]" name="beforeMethod" is-config="true" duration-ms="7" started-at="2016-06-16T23:38:39Z" finished-at="2016-06-16T23:38:39Z">
          <reporter-output>
          </reporter-output>
        </test-method> <!-- beforeMethod -->
        <test-method status="PASS" signature="addEducationAllnoDate_r(java.lang.String, java.lang.String, java.lang.String, java.lang.String)[pri:0, instance:REXSH.REXAUTO.AppTestEditProfileEducation@3e9b1010]" name="addEducationAllnoDate_r" duration-ms="231924" started-at="2016-06-16T23:38:39Z" data-provider="profileEditEducationAll_r" finished-at="2016-06-16T23:42:31Z">
          <params>
            <param index="0">
              <value>
                <![CDATA[paul002@grr.la]]>
              </value>
            </param>
            <param index="1">
              <value>
                <![CDATA[Pwcwelcome1]]>
              </value>
            </param>
            <param index="2">
              <value>
                <![CDATA[abc::sample1::sample2::masters::C.M.A::2::14]]>
              </value>
            </param>
            <param index="3">
              <value>
                <![CDATA[regular]]>
              </value>
            </param>
          </params>
          <reporter-output>
          </reporter-output>
        </test-method> <!-- addEducationAllnoDate_r -->
        <test-method status="PASS" signature="afterMethod()[pri:0, instance:REXSH.REXAUTO.AppTestEditProfileEducation@3e9b1010]" name="afterMethod" is-config="true" duration-ms="25" started-at="2016-06-16T23:42:31Z" finished-at="2016-06-16T23:42:31Z">
          <reporter-output>
          </reporter-output>
        </test-method> <!-- afterMethod -->
        <test-method status="PASS" signature="tearDown()[pri:0, instance:REXSH.REXAUTO.AppTestEditProfileEducation@3e9b1010]" name="tearDown" is-config="true" duration-ms="3881" started-at="2016-06-16T23:42:31Z" finished-at="2016-06-16T23:42:35Z">
          <reporter-output>
          </reporter-output>
        </test-method> <!-- tearDown -->
      </class> <!-- REXSH.REXAUTO.AppTestEditProfileEducation -->
    </test> <!-- 20160617 -->
  </suite> <!-- REXAUTO4AND -->
</testng-results>
