<html>
<head>
<title>TestNG:  20160522</title>
<link href="../testng.css" rel="stylesheet" type="text/css" />
<link href="../my-testng.css" rel="stylesheet" type="text/css" />

<style type="text/css">
.log { display: none;} 
.stack-trace { display: none;} 
</style>
<script type="text/javascript">
<!--
function flip(e) {
  current = e.style.display;
  if (current == 'block') {
    e.style.display = 'none';
    return 0;
  }
  else {
    e.style.display = 'block';
    return 1;
  }
}

function toggleBox(szDivId, elem, msg1, msg2)
{
  var res = -1;  if (document.getElementById) {
    res = flip(document.getElementById(szDivId));
  }
  else if (document.all) {
    // this is the way old msie versions work
    res = flip(document.all[szDivId]);
  }
  if(elem) {
    if(res == 0) elem.innerHTML = msg1; else elem.innerHTML = msg2;
  }

}

function toggleAllBoxes() {
  if (document.getElementsByTagName) {
    d = document.getElementsByTagName('div');
    for (i = 0; i < d.length; i++) {
      if (d[i].className == 'log') {
        flip(d[i]);
      }
    }
  }
}

// -->
</script>

</head>
<body>
<h2 align='center'>20160522</h2><table border='1' align="center">
<tr>
<td>Tests passed/Failed/Skipped:</td><td>5/1/0</td>
</tr><tr>
<td>Started on:</td><td>Wed Jun 15 22:43:40 EDT 2016</td>
</tr>
<tr><td>Total time:</td><td>691 seconds (691795 ms)</td>
</tr><tr>
<td>Included groups:</td><td></td>
</tr><tr>
<td>Excluded groups:</td><td></td>
</tr>
</table><p/>
<small><i>(Hover the method name to see the test class name)</i></small><p/>
<table width='100%' border='1' class='invocation-failed'>
<tr><td colspan='4' align='center'><b>FAILED TESTS</b></td></tr>
<tr><td><b>Test method</b></td>
<td width="30%"><b>Exception</b></td>
<td width="10%"><b>Time (seconds)</b></td>
<td><b>Instance</b></td>
</tr>
<tr>
<td title='REXSH.REXAUTO.AppTestSearchRole.searchRoleTravel()'><b>searchRoleTravel</b><br>Test class: REXSH.REXAUTO.AppTestSearchRole<br>Parameters: paulzhu001@grr.la, Pwcwelcome1, eng::20_80::oracle, regular, </td>
<td><div><pre>java.lang.AssertionError
	at REXSH.REXAUTO.AppTestSearchRole.searchRoleTravel(AppTestSearchRole.java:321)
	at sun.reflect.NativeMethodAccessorImpl.invoke0(Native Method)
	at sun.reflect.NativeMethodAccessorImpl.invoke(NativeMethodAccessorImpl.java:62)
	at sun.reflect.DelegatingMethodAccessorImpl.invoke(DelegatingMethodAccessorImpl.java:43)
	at java.lang.reflect.Method.invoke(Method.java:498)
	at org.testng.internal.MethodInvocationHelper.invokeMethod(MethodInvocationHelper.java:86)
	at org.testng.internal.Invoker.invokeMethod(Invoker.java:646)
	at org.testng.internal.Invoker.invokeTestMethod(Invoker.java:823)
	at org.testng.internal.Invoker.invokeTestMethods(Invoker.java:1131)
	at org.testng.internal.TestMethodWorker.invokeTestMethods(TestMethodWorker.java:129)
	at org.testng.internal.TestMethodWorker.run(TestMethodWorker.java:112)
	at org.testng.TestRunner.privateRun(TestRunner.java:778)
	at org.testng.TestRunner.run(TestRunner.java:632)
	at org.testng.SuiteRunner.runTest(SuiteRunner.java:366)
	at org.testng.SuiteRunner.runSequentially(SuiteRunner.java:361)
	at org.testng.SuiteRunner.privateRun(SuiteRunner.java:319)
	at org.testng.SuiteRunner.run(SuiteRunner.java:268)
	at org.testng.SuiteRunnerWorker.runSuite(SuiteRunnerWorker.java:52)
	at org.testng.SuiteRunnerWorker.run(SuiteRunnerWorker.java:86)
	at org.testng.TestNG.runSuitesSequentially(TestNG.java:1225)
	at org.testng.TestNG.runSuitesLocally(TestNG.java:1150)
	at org.testng.TestNG.runSuites(TestNG.java:1075)
	at org.testng.TestNG.run(TestNG.java:1047)
	at org.testng.remote.AbstractRemoteTestNG.run(AbstractRemoteTestNG.java:126)
	at org.testng.remote.RemoteTestNG.initAndRun(RemoteTestNG.java:137)
	at org.testng.remote.RemoteTestNG.main(RemoteTestNG.java:58)
</pre></div><a href='#' onClick='toggleBox("stack-trace1829460911", this, "Click to show all stack frames", "Click to hide stack frames")'>Click to show all stack frames</a>
<div class='stack-trace' id='stack-trace1829460911'><pre>java.lang.AssertionError
	at REXSH.REXAUTO.AppTestSearchRole.searchRoleTravel(AppTestSearchRole.java:321)
	at sun.reflect.NativeMethodAccessorImpl.invoke0(Native Method)
	at sun.reflect.NativeMethodAccessorImpl.invoke(NativeMethodAccessorImpl.java:62)
	at sun.reflect.DelegatingMethodAccessorImpl.invoke(DelegatingMethodAccessorImpl.java:43)
	at java.lang.reflect.Method.invoke(Method.java:498)
	at org.testng.internal.MethodInvocationHelper.invokeMethod(MethodInvocationHelper.java:86)
	at org.testng.internal.Invoker.invokeMethod(Invoker.java:646)
	at org.testng.internal.Invoker.invokeTestMethod(Invoker.java:823)
	at org.testng.internal.Invoker.invokeTestMethods(Invoker.java:1131)
	at org.testng.internal.TestMethodWorker.invokeTestMethods(TestMethodWorker.java:129)
	at org.testng.internal.TestMethodWorker.run(TestMethodWorker.java:112)
	at org.testng.TestRunner.privateRun(TestRunner.java:778)
	at org.testng.TestRunner.run(TestRunner.java:632)
	at org.testng.SuiteRunner.runTest(SuiteRunner.java:366)
	at org.testng.SuiteRunner.runSequentially(SuiteRunner.java:361)
	at org.testng.SuiteRunner.privateRun(SuiteRunner.java:319)
	at org.testng.SuiteRunner.run(SuiteRunner.java:268)
	at org.testng.SuiteRunnerWorker.runSuite(SuiteRunnerWorker.java:52)
	at org.testng.SuiteRunnerWorker.run(SuiteRunnerWorker.java:86)
	at org.testng.TestNG.runSuitesSequentially(TestNG.java:1225)
	at org.testng.TestNG.runSuitesLocally(TestNG.java:1150)
	at org.testng.TestNG.runSuites(TestNG.java:1075)
	at org.testng.TestNG.run(TestNG.java:1047)
	at org.testng.remote.AbstractRemoteTestNG.run(AbstractRemoteTestNG.java:126)
	at org.testng.remote.RemoteTestNG.initAndRun(RemoteTestNG.java:137)
	at org.testng.remote.RemoteTestNG.main(RemoteTestNG.java:58)
</pre></div></td>
<td>78</td>
<td>REXSH.REXAUTO.AppTestSearchRole@520a3426</td></tr>
</table><p>
<table width='100%' border='1' class='invocation-passed'>
<tr><td colspan='4' align='center'><b>PASSED TESTS</b></td></tr>
<tr><td><b>Test method</b></td>
<td width="30%"><b>Exception</b></td>
<td width="10%"><b>Time (seconds)</b></td>
<td><b>Instance</b></td>
</tr>
<tr>
<td title='REXSH.REXAUTO.AppTestAccount.accountDel()'><b>accountDel</b><br>Test class: REXSH.REXAUTO.AppTestAccount<br>Parameters: paul002@grr.la, Pwcwelcome1, , regular, Your request to remove your account from Talent Exchange cannot occur because</td>
<td></td>
<td>71</td>
<td>REXSH.REXAUTO.AppTestAccount@6b09bb57</td></tr>
<tr>
<td title='REXSH.REXAUTO.AppTestAccount.accountPSW()'><b>accountPSW</b><br>Test class: REXSH.REXAUTO.AppTestAccount<br>Parameters: paul001@grr.la, Pwcwelcome1, Pwcwelcome1::Pwcwelcome2::Pwcwelcome2, regular, </td>
<td></td>
<td>79</td>
<td>REXSH.REXAUTO.AppTestAccount@6b09bb57</td></tr>
<tr>
<td title='REXSH.REXAUTO.AppTestAccount.accountPSW()'><b>accountPSW</b><br>Test class: REXSH.REXAUTO.AppTestAccount<br>Parameters: paul001@grr.la, Pwcwelcome2, Pwcwelcome2::Pwcwelcome1::Pwcwelcome1, regular, </td>
<td></td>
<td>78</td>
<td>REXSH.REXAUTO.AppTestAccount@6b09bb57</td></tr>
<tr>
<td title='REXSH.REXAUTO.AppTestEditProfileEducation.addEducationAllnoDate()'><b>addEducationAllnoDate</b><br>Test class: REXSH.REXAUTO.AppTestEditProfileEducation<br>Parameters: 648412480@qq.com, Pwcwelcome1, abc::sample1::sample2::masters::C.M.A, regular</td>
<td></td>
<td>165</td>
<td>REXSH.REXAUTO.AppTestEditProfileEducation@6536e911</td></tr>
<tr>
<td title='REXSH.REXAUTO.AppTestEditProfileEducation.addEducationAllnoDate()'><b>addEducationAllnoDate</b><br>Test class: REXSH.REXAUTO.AppTestEditProfileEducation<br>Parameters: 648412480@qq.com, Pwcwelcome1, 12313131312::nnnn::uuurl/asdf#::Associates::A.A.S, regular</td>
<td></td>
<td>154</td>
<td>REXSH.REXAUTO.AppTestEditProfileEducation@6536e911</td></tr>
</table><p>
</body>
</html>