<html>
<head>
<title>TestNG:  20160617</title>
<link href="../testng.css" rel="stylesheet" type="text/css" />
<link href="../my-testng.css" rel="stylesheet" type="text/css" />

<style type="text/css">
.log { display: none;} 
.stack-trace { display: none;} 
</style>
<script type="text/javascript">
<!--
function flip(e) {
  current = e.style.display;
  if (current == 'block') {
    e.style.display = 'none';
    return 0;
  }
  else {
    e.style.display = 'block';
    return 1;
  }
}

function toggleBox(szDivId, elem, msg1, msg2)
{
  var res = -1;  if (document.getElementById) {
    res = flip(document.getElementById(szDivId));
  }
  else if (document.all) {
    // this is the way old msie versions work
    res = flip(document.all[szDivId]);
  }
  if(elem) {
    if(res == 0) elem.innerHTML = msg1; else elem.innerHTML = msg2;
  }

}

function toggleAllBoxes() {
  if (document.getElementsByTagName) {
    d = document.getElementsByTagName('div');
    for (i = 0; i < d.length; i++) {
      if (d[i].className == 'log') {
        flip(d[i]);
      }
    }
  }
}

// -->
</script>

</head>
<body>
<h2 align='center'>20160617</h2><table border='1' align="center">
<tr>
<td>Tests passed/Failed/Skipped:</td><td>7/2/0</td>
</tr><tr>
<td>Started on:</td><td>Thu Jun 16 23:34:09 EDT 2016</td>
</tr>
<tr><td>Total time:</td><td>1307 seconds (1307852 ms)</td>
</tr><tr>
<td>Included groups:</td><td></td>
</tr><tr>
<td>Excluded groups:</td><td></td>
</tr>
</table><p/>
<small><i>(Hover the method name to see the test class name)</i></small><p/>
<table width='100%' border='1' class='invocation-failed'>
<tr><td colspan='4' align='center'><b>FAILED TESTS</b></td></tr>
<tr><td><b>Test method</b></td>
<td width="30%"><b>Exception</b></td>
<td width="10%"><b>Time (seconds)</b></td>
<td><b>Instance</b></td>
</tr>
<tr>
<td title='REXSH.REXAUTO.AppTestOnProjectTimeAndExpense.addTime()'><b>addTime</b><br>Test class: REXSH.REXAUTO.AppTestOnProjectTimeAndExpense<br>Parameters: paul002@grr.la, Pwcwelcome1, 40018::205::mon:3.5::mon, regular</td>
<td><div><pre>java.lang.AssertionError
	at REXSH.REXAUTO.AppTestOnProjectTimeAndExpense.addTime(AppTestOnProjectTimeAndExpense.java:326)
	at sun.reflect.NativeMethodAccessorImpl.invoke0(Native Method)
	at sun.reflect.NativeMethodAccessorImpl.invoke(NativeMethodAccessorImpl.java:62)
	at sun.reflect.DelegatingMethodAccessorImpl.invoke(DelegatingMethodAccessorImpl.java:43)
	at java.lang.reflect.Method.invoke(Method.java:498)
	at org.testng.internal.MethodInvocationHelper.invokeMethod(MethodInvocationHelper.java:86)
	at org.testng.internal.Invoker.invokeMethod(Invoker.java:646)
	at org.testng.internal.Invoker.invokeTestMethod(Invoker.java:823)
	at org.testng.internal.Invoker.invokeTestMethods(Invoker.java:1131)
	at org.testng.internal.TestMethodWorker.invokeTestMethods(TestMethodWorker.java:129)
	at org.testng.internal.TestMethodWorker.run(TestMethodWorker.java:112)
	at org.testng.TestRunner.privateRun(TestRunner.java:778)
	at org.testng.TestRunner.run(TestRunner.java:632)
	at org.testng.SuiteRunner.runTest(SuiteRunner.java:366)
	at org.testng.SuiteRunner.runSequentially(SuiteRunner.java:361)
	at org.testng.SuiteRunner.privateRun(SuiteRunner.java:319)
	at org.testng.SuiteRunner.run(SuiteRunner.java:268)
	at org.testng.SuiteRunnerWorker.runSuite(SuiteRunnerWorker.java:52)
	at org.testng.SuiteRunnerWorker.run(SuiteRunnerWorker.java:86)
	at org.testng.TestNG.runSuitesSequentially(TestNG.java:1225)
	at org.testng.TestNG.runSuitesLocally(TestNG.java:1150)
	at org.testng.TestNG.runSuites(TestNG.java:1075)
	at org.testng.TestNG.run(TestNG.java:1047)
	at org.testng.remote.AbstractRemoteTestNG.run(AbstractRemoteTestNG.java:126)
	at org.testng.remote.RemoteTestNG.initAndRun(RemoteTestNG.java:137)
	at org.testng.remote.RemoteTestNG.main(RemoteTestNG.java:58)
</pre></div><a href='#' onClick='toggleBox("stack-trace288919635", this, "Click to show all stack frames", "Click to hide stack frames")'>Click to show all stack frames</a>
<div class='stack-trace' id='stack-trace288919635'><pre>java.lang.AssertionError
	at REXSH.REXAUTO.AppTestOnProjectTimeAndExpense.addTime(AppTestOnProjectTimeAndExpense.java:326)
	at sun.reflect.NativeMethodAccessorImpl.invoke0(Native Method)
	at sun.reflect.NativeMethodAccessorImpl.invoke(NativeMethodAccessorImpl.java:62)
	at sun.reflect.DelegatingMethodAccessorImpl.invoke(DelegatingMethodAccessorImpl.java:43)
	at java.lang.reflect.Method.invoke(Method.java:498)
	at org.testng.internal.MethodInvocationHelper.invokeMethod(MethodInvocationHelper.java:86)
	at org.testng.internal.Invoker.invokeMethod(Invoker.java:646)
	at org.testng.internal.Invoker.invokeTestMethod(Invoker.java:823)
	at org.testng.internal.Invoker.invokeTestMethods(Invoker.java:1131)
	at org.testng.internal.TestMethodWorker.invokeTestMethods(TestMethodWorker.java:129)
	at org.testng.internal.TestMethodWorker.run(TestMethodWorker.java:112)
	at org.testng.TestRunner.privateRun(TestRunner.java:778)
	at org.testng.TestRunner.run(TestRunner.java:632)
	at org.testng.SuiteRunner.runTest(SuiteRunner.java:366)
	at org.testng.SuiteRunner.runSequentially(SuiteRunner.java:361)
	at org.testng.SuiteRunner.privateRun(SuiteRunner.java:319)
	at org.testng.SuiteRunner.run(SuiteRunner.java:268)
	at org.testng.SuiteRunnerWorker.runSuite(SuiteRunnerWorker.java:52)
	at org.testng.SuiteRunnerWorker.run(SuiteRunnerWorker.java:86)
	at org.testng.TestNG.runSuitesSequentially(TestNG.java:1225)
	at org.testng.TestNG.runSuitesLocally(TestNG.java:1150)
	at org.testng.TestNG.runSuites(TestNG.java:1075)
	at org.testng.TestNG.run(TestNG.java:1047)
	at org.testng.remote.AbstractRemoteTestNG.run(AbstractRemoteTestNG.java:126)
	at org.testng.remote.RemoteTestNG.initAndRun(RemoteTestNG.java:137)
	at org.testng.remote.RemoteTestNG.main(RemoteTestNG.java:58)
</pre></div></td>
<td>123</td>
<td>REXSH.REXAUTO.AppTestOnProjectTimeAndExpense@6f1fba17</td></tr>
<tr>
<td title='REXSH.REXAUTO.AppTestSearchRole.searchRoleLocationName()'><b>searchRoleLocationName</b><br>Test class: REXSH.REXAUTO.AppTestSearchRole<br>Parameters: paul002@grr.la, Pwcwelcome1, new york, regular, </td>
<td><div><pre>java.lang.AssertionError
	at REXSH.REXAUTO.AppTestSearchRole.searchRoleLocationName(AppTestSearchRole.java:387)
	at sun.reflect.NativeMethodAccessorImpl.invoke0(Native Method)
	at sun.reflect.NativeMethodAccessorImpl.invoke(NativeMethodAccessorImpl.java:62)
	at sun.reflect.DelegatingMethodAccessorImpl.invoke(DelegatingMethodAccessorImpl.java:43)
	at java.lang.reflect.Method.invoke(Method.java:498)
	at org.testng.internal.MethodInvocationHelper.invokeMethod(MethodInvocationHelper.java:86)
	at org.testng.internal.Invoker.invokeMethod(Invoker.java:646)
	at org.testng.internal.Invoker.invokeTestMethod(Invoker.java:823)
	at org.testng.internal.Invoker.invokeTestMethods(Invoker.java:1131)
	at org.testng.internal.TestMethodWorker.invokeTestMethods(TestMethodWorker.java:129)
	at org.testng.internal.TestMethodWorker.run(TestMethodWorker.java:112)
	at org.testng.TestRunner.privateRun(TestRunner.java:778)
	at org.testng.TestRunner.run(TestRunner.java:632)
	at org.testng.SuiteRunner.runTest(SuiteRunner.java:366)
	at org.testng.SuiteRunner.runSequentially(SuiteRunner.java:361)
	at org.testng.SuiteRunner.privateRun(SuiteRunner.java:319)
	at org.testng.SuiteRunner.run(SuiteRunner.java:268)
	at org.testng.SuiteRunnerWorker.runSuite(SuiteRunnerWorker.java:52)
	at org.testng.SuiteRunnerWorker.run(SuiteRunnerWorker.java:86)
	at org.testng.TestNG.runSuitesSequentially(TestNG.java:1225)
	at org.testng.TestNG.runSuitesLocally(TestNG.java:1150)
	at org.testng.TestNG.runSuites(TestNG.java:1075)
	at org.testng.TestNG.run(TestNG.java:1047)
	at org.testng.remote.AbstractRemoteTestNG.run(AbstractRemoteTestNG.java:126)
	at org.testng.remote.RemoteTestNG.initAndRun(RemoteTestNG.java:137)
	at org.testng.remote.RemoteTestNG.main(RemoteTestNG.java:58)
</pre></div><a href='#' onClick='toggleBox("stack-trace1705277839", this, "Click to show all stack frames", "Click to hide stack frames")'>Click to show all stack frames</a>
<div class='stack-trace' id='stack-trace1705277839'><pre>java.lang.AssertionError
	at REXSH.REXAUTO.AppTestSearchRole.searchRoleLocationName(AppTestSearchRole.java:387)
	at sun.reflect.NativeMethodAccessorImpl.invoke0(Native Method)
	at sun.reflect.NativeMethodAccessorImpl.invoke(NativeMethodAccessorImpl.java:62)
	at sun.reflect.DelegatingMethodAccessorImpl.invoke(DelegatingMethodAccessorImpl.java:43)
	at java.lang.reflect.Method.invoke(Method.java:498)
	at org.testng.internal.MethodInvocationHelper.invokeMethod(MethodInvocationHelper.java:86)
	at org.testng.internal.Invoker.invokeMethod(Invoker.java:646)
	at org.testng.internal.Invoker.invokeTestMethod(Invoker.java:823)
	at org.testng.internal.Invoker.invokeTestMethods(Invoker.java:1131)
	at org.testng.internal.TestMethodWorker.invokeTestMethods(TestMethodWorker.java:129)
	at org.testng.internal.TestMethodWorker.run(TestMethodWorker.java:112)
	at org.testng.TestRunner.privateRun(TestRunner.java:778)
	at org.testng.TestRunner.run(TestRunner.java:632)
	at org.testng.SuiteRunner.runTest(SuiteRunner.java:366)
	at org.testng.SuiteRunner.runSequentially(SuiteRunner.java:361)
	at org.testng.SuiteRunner.privateRun(SuiteRunner.java:319)
	at org.testng.SuiteRunner.run(SuiteRunner.java:268)
	at org.testng.SuiteRunnerWorker.runSuite(SuiteRunnerWorker.java:52)
	at org.testng.SuiteRunnerWorker.run(SuiteRunnerWorker.java:86)
	at org.testng.TestNG.runSuitesSequentially(TestNG.java:1225)
	at org.testng.TestNG.runSuitesLocally(TestNG.java:1150)
	at org.testng.TestNG.runSuites(TestNG.java:1075)
	at org.testng.TestNG.run(TestNG.java:1047)
	at org.testng.remote.AbstractRemoteTestNG.run(AbstractRemoteTestNG.java:126)
	at org.testng.remote.RemoteTestNG.initAndRun(RemoteTestNG.java:137)
	at org.testng.remote.RemoteTestNG.main(RemoteTestNG.java:58)
</pre></div></td>
<td>103</td>
<td>REXSH.REXAUTO.AppTestSearchRole@6c3708b3</td></tr>
</table><p>
<table width='100%' border='1' class='invocation-passed'>
<tr><td colspan='4' align='center'><b>PASSED TESTS</b></td></tr>
<tr><td><b>Test method</b></td>
<td width="30%"><b>Exception</b></td>
<td width="10%"><b>Time (seconds)</b></td>
<td><b>Instance</b></td>
</tr>
<tr>
<td title='REXSH.REXAUTO.AppTestAccount.accountDel()'><b>accountDel</b><br>Test class: REXSH.REXAUTO.AppTestAccount<br>Parameters: paul001@grr.la, Pwcwelcome1, , regular, Your request to remove your account from Talent Exchange cannot occur because</td>
<td></td>
<td>72</td>
<td>REXSH.REXAUTO.AppTestAccount@18eed359</td></tr>
<tr>
<td title='REXSH.REXAUTO.AppTestAccount.accountPSW()'><b>accountPSW</b><br>Test class: REXSH.REXAUTO.AppTestAccount<br>Parameters: paul002@grr.la, Pwcwelcome1, Pwcwelcome1::Pwcwelcome2::Pwcwelcome2, regular, </td>
<td></td>
<td>77</td>
<td>REXSH.REXAUTO.AppTestAccount@18eed359</td></tr>
<tr>
<td title='REXSH.REXAUTO.AppTestAccount.accountPSW()'><b>accountPSW</b><br>Test class: REXSH.REXAUTO.AppTestAccount<br>Parameters: paul002@grr.la, Pwcwelcome2, Pwcwelcome2::Pwcwelcome1::Pwcwelcome1, regular, </td>
<td></td>
<td>76</td>
<td>REXSH.REXAUTO.AppTestAccount@18eed359</td></tr>
<tr>
<td title='REXSH.REXAUTO.AppTestEditProfileEducation.addEducationAllnoDate_r()'><b>addEducationAllnoDate_r</b><br>Test class: REXSH.REXAUTO.AppTestEditProfileEducation<br>Parameters: paul002@grr.la, Pwcwelcome1, abc::sample1::sample2::masters::C.M.A::2::14, regular</td>
<td></td>
<td>231</td>
<td>REXSH.REXAUTO.AppTestEditProfileEducation@3e9b1010</td></tr>
<tr>
<td title='REXSH.REXAUTO.AppTestOnProjectTimeAndExpense.addExpense()'><b>addExpense</b><br>Test class: REXSH.REXAUTO.AppTestOnProjectTimeAndExpense<br>Parameters: paul002@grr.la, Pwcwelcome1, 40018::purpose 4 a::task FOR OT IN REX::Meals::description::67, regular</td>
<td></td>
<td>180</td>
<td>REXSH.REXAUTO.AppTestOnProjectTimeAndExpense@6f1fba17</td></tr>
<tr>
<td title='REXSH.REXAUTO.AppTestOnProjectTimeAndExpense.addFirstExpense()'><b>addFirstExpense</b><br>Test class: REXSH.REXAUTO.AppTestOnProjectTimeAndExpense<br>Parameters: paul002@grr.la, Pwcwelcome1, 40018::purpose123asd::task342043::TAXI::description::341, regular</td>
<td></td>
<td>180</td>
<td>REXSH.REXAUTO.AppTestOnProjectTimeAndExpense@6f1fba17</td></tr>
<tr>
<td title='REXSH.REXAUTO.AppTestSearchRole.searchRoleTravel()'><b>searchRoleTravel</b><br>Test class: REXSH.REXAUTO.AppTestSearchRole<br>Parameters: paul002@grr.la, Pwcwelcome1, eng::20_80::oracle, regular, </td>
<td></td>
<td>142</td>
<td>REXSH.REXAUTO.AppTestSearchRole@6c3708b3</td></tr>
</table><p>
</body>
</html>